Lancement du script sur le noeud
Tue Jun  3 01:00:59 2025       
+---------------------------------------------------------------------------------------+
| NVIDIA-SMI 535.183.06             Driver Version: 535.183.06   CUDA Version: 12.2     |
|-----------------------------------------+----------------------+----------------------+
| GPU  Name                 Persistence-M | Bus-Id        Disp.A | Volatile Uncorr. ECC |
| Fan  Temp   Perf          Pwr:Usage/Cap |         Memory-Usage | GPU-Util  Compute M. |
|                                         |                      |               MIG M. |
|=========================================+======================+======================|
|   0  NVIDIA A40                     On  | 00000000:27:00.0 Off |                    0 |
|  0%   37C    P8              32W / 300W |      0MiB / 46068MiB |      0%      Default |
|                                         |                      |                  N/A |
+-----------------------------------------+----------------------+----------------------+
|   1  NVIDIA A40                     On  | 00000000:A3:00.0 Off |                    0 |
|  0%   33C    P8              31W / 300W |      0MiB / 46068MiB |      0%      Default |
|                                         |                      |                  N/A |
+-----------------------------------------+----------------------+----------------------+
|   2  NVIDIA A40                     On  | 00000000:C3:00.0 Off |                    0 |
|  0%   34C    P8              29W / 300W |      0MiB / 46068MiB |      0%      Default |
|                                         |                      |                  N/A |
+-----------------------------------------+----------------------+----------------------+
                                                                                         
+---------------------------------------------------------------------------------------+
| Processes:                                                                            |
|  GPU   GI   CI        PID   Type   Process name                            GPU Memory |
|        ID   ID                                                             Usage      |
|=======================================================================================|
|  No running processes found                                                           |
+---------------------------------------------------------------------------------------+
Looking in links: /tmp/tmp264zo_a_
Requirement already satisfied: setuptools in ./venv-mixtral/lib/python3.9/site-packages (80.9.0)
Processing /tmp/tmp264zo_a_/setuptools-44.1.1-py2.py3-none-any.whl
Requirement already satisfied: pip in ./venv-mixtral/lib/python3.9/site-packages (25.1.1)
Processing /tmp/tmp264zo_a_/pip-20.3.4-py2.py3-none-any.whl
Requirement already satisfied: pkg_resources in ./venv-mixtral/lib/python3.9/site-packages (0.0.0)
Processing /tmp/tmp264zo_a_/pkg_resources-0.0.0-py2.py3-none-any.whl
Requirement already satisfied: pip in ./venv-mixtral/lib/python3.9/site-packages (25.1.1)
Requirement already satisfied: setuptools in ./venv-mixtral/lib/python3.9/site-packages (80.9.0)
Obtaining file:///home/pfiloche/stage_ills_moe/stage_ILLS/transformers
  Installing build dependencies: started
  Installing build dependencies: finished with status 'done'
  Checking if build backend supports build_editable: started
  Checking if build backend supports build_editable: finished with status 'done'
  Getting requirements to build editable: started
  Getting requirements to build editable: finished with status 'done'
  Preparing editable metadata (pyproject.toml): started
