Lancement du script sur le noeud
Mon Jun 23 01:10:49 2025       
+---------------------------------------------------------------------------------------+
| NVIDIA-SMI 535.183.06             Driver Version: 535.183.06   CUDA Version: 12.2     |
|-----------------------------------------+----------------------+----------------------+
| GPU  Name                 Persistence-M | Bus-Id        Disp.A | Volatile Uncorr. ECC |
| Fan  Temp   Perf          Pwr:Usage/Cap |         Memory-Usage | GPU-Util  Compute M. |
|                                         |                      |               MIG M. |
|=========================================+======================+======================|
|   0  NVIDIA A40                     On  | 00000000:27:00.0 Off |                    0 |
|  0%   29C    P8              28W / 300W |      0MiB / 46068MiB |      0%      Default |
|                                         |                      |                  N/A |
+-----------------------------------------+----------------------+----------------------+
|   1  NVIDIA A40                     On  | 00000000:A3:00.0 Off |                    0 |
|  0%   29C    P8              32W / 300W |      0MiB / 46068MiB |      0%      Default |
|                                         |                      |                  N/A |
+-----------------------------------------+----------------------+----------------------+
|   2  NVIDIA A40                     On  | 00000000:C3:00.0 Off |                    0 |
|  0%   31C    P8              29W / 300W |      0MiB / 46068MiB |      0%      Default |
|                                         |                      |                  N/A |
+-----------------------------------------+----------------------+----------------------+
                                                                                         
+---------------------------------------------------------------------------------------+
| Processes:                                                                            |
|  GPU   GI   CI        PID   Type   Process name                            GPU Memory |
|        ID   ID                                                             Usage      |
|=======================================================================================|
|  No running processes found                                                           |
+---------------------------------------------------------------------------------------+
Looking in links: /tmp/tmphrts8x07
Requirement already satisfied: setuptools in ./venv-mixtral/lib/python3.9/site-packages (80.9.0)
Processing /tmp/tmphrts8x07/setuptools-44.1.1-py2.py3-none-any.whl
Requirement already satisfied: pip in ./venv-mixtral/lib/python3.9/site-packages (25.1.1)
Processing /tmp/tmphrts8x07/pip-20.3.4-py2.py3-none-any.whl
Requirement already satisfied: pkg_resources in ./venv-mixtral/lib/python3.9/site-packages (0.0.0)
Processing /tmp/tmphrts8x07/pkg_resources-0.0.0-py2.py3-none-any.whl
Requirement already satisfied: pip in ./venv-mixtral/lib/python3.9/site-packages (25.1.1)
Requirement already satisfied: setuptools in ./venv-mixtral/lib/python3.9/site-packages (80.9.0)
Obtaining file:///home/pfiloche/stage_ills_moe/stage_ILLS/transformers
  Installing build dependencies: started
  Installing build dependencies: finished with status 'done'
  Checking if build backend supports build_editable: started
  Checking if build backend supports build_editable: finished with status 'done'
  Getting requirements to build editable: started
  Getting requirements to build editable: finished with status 'done'
  Preparing editable metadata (pyproject.toml): started
  Preparing editable metadata (pyproject.toml): finished with status 'done'
Requirement already satisfied: filelock in /home/pfiloche/stage_ills_moe/stage_ILLS/venv-mixtral/lib/python3.9/site-packages (from transformers==4.53.0.dev0) (3.18.0)
Requirement already satisfied: huggingface-hub<1.0,>=0.30.0 in /home/pfiloche/stage_ills_moe/stage_ILLS/venv-mixtral/lib/python3.9/site-packages (from transformers==4.53.0.dev0) (0.32.2)
Requirement already satisfied: numpy>=1.17 in /home/pfiloche/stage_ills_moe/stage_ILLS/venv-mixtral/lib/python3.9/site-packages (from transformers==4.53.0.dev0) (2.0.2)
Requirement already satisfied: packaging>=20.0 in /home/pfiloche/stage_ills_moe/stage_ILLS/venv-mixtral/lib/python3.9/site-packages (from transformers==4.53.0.dev0) (25.0)
Requirement already satisfied: pyyaml>=5.1 in /home/pfiloche/stage_ills_moe/stage_ILLS/venv-mixtral/lib/python3.9/site-packages (from transformers==4.53.0.dev0) (6.0.2)
Requirement already satisfied: regex!=2019.12.17 in /home/pfiloche/stage_ills_moe/stage_ILLS/venv-mixtral/lib/python3.9/site-packages (from transformers==4.53.0.dev0) (2024.11.6)
Requirement already satisfied: requests in /home/pfiloche/stage_ills_moe/stage_ILLS/venv-mixtral/lib/python3.9/site-packages (from transformers==4.53.0.dev0) (2.32.3)
Requirement already satisfied: tokenizers<0.22,>=0.21 in /home/pfiloche/stage_ills_moe/stage_ILLS/venv-mixtral/lib/python3.9/site-packages (from transformers==4.53.0.dev0) (0.21.1)
Requirement already satisfied: safetensors>=0.4.3 in /home/pfiloche/stage_ills_moe/stage_ILLS/venv-mixtral/lib/python3.9/site-packages (from transformers==4.53.0.dev0) (0.5.3)
Requirement already satisfied: tqdm>=4.27 in /home/pfiloche/stage_ills_moe/stage_ILLS/venv-mixtral/lib/python3.9/site-packages (from transformers==4.53.0.dev0) (4.67.1)
Requirement already satisfied: fsspec>=2023.5.0 in /home/pfiloche/stage_ills_moe/stage_ILLS/venv-mixtral/lib/python3.9/site-packages (from huggingface-hub<1.0,>=0.30.0->transformers==4.53.0.dev0) (2025.3.0)
Requirement already satisfied: typing-extensions>=3.7.4.3 in /home/pfiloche/stage_ills_moe/stage_ILLS/venv-mixtral/lib/python3.9/site-packages (from huggingface-hub<1.0,>=0.30.0->transformers==4.53.0.dev0) (4.13.2)
Requirement already satisfied: hf-xet<2.0.0,>=1.1.2 in /home/pfiloche/stage_ills_moe/stage_ILLS/venv-mixtral/lib/python3.9/site-packages (from huggingface-hub<1.0,>=0.30.0->transformers==4.53.0.dev0) (1.1.2)
Requirement already satisfied: charset-normalizer<4,>=2 in /home/pfiloche/stage_ills_moe/stage_ILLS/venv-mixtral/lib/python3.9/site-packages (from requests->transformers==4.53.0.dev0) (3.4.2)
Requirement already satisfied: idna<4,>=2.5 in /home/pfiloche/stage_ills_moe/stage_ILLS/venv-mixtral/lib/python3.9/site-packages (from requests->transformers==4.53.0.dev0) (3.10)
Requirement already satisfied: urllib3<3,>=1.21.1 in /home/pfiloche/stage_ills_moe/stage_ILLS/venv-mixtral/lib/python3.9/site-packages (from requests->transformers==4.53.0.dev0) (2.4.0)
Requirement already satisfied: certifi>=2017.4.17 in /home/pfiloche/stage_ills_moe/stage_ILLS/venv-mixtral/lib/python3.9/site-packages (from requests->transformers==4.53.0.dev0) (2025.4.26)
Building wheels for collected packages: transformers
  Building editable for transformers (pyproject.toml): started
  Building editable for transformers (pyproject.toml): finished with status 'done'
  Created wheel for transformers: filename=transformers-4.53.0.dev0-0.editable-py3-none-any.whl size=15255 sha256=bc57449248d512a55b418d27c12db829595d3b3c083cf59fdcb588e022ccaae8
  Stored in directory: /tmp/pip-ephem-wheel-cache-shn5idvd/wheels/86/2f/24/39695320e3d25e63b2424801194dfa6ed0eabc10d812c4a8a7
Successfully built transformers
Installing collected packages: transformers
  Attempting uninstall: transformers
    Found existing installation: transformers 4.53.0.dev0
    Uninstalling transformers-4.53.0.dev0:
      Successfully uninstalled transformers-4.53.0.dev0
Successfully installed transformers-4.53.0.dev0
Obtaining transformers from git+https://github.com/huggingface/transformers.git@42ef218b58de79415ab45377a1e8de8dca3929f0#egg=transformers (from -r /home/pfiloche/stage_ills_moe/stage_ILLS/pilou_git/requirements.txt (line 67))
  Skipping because already up-to-date.
  Installing build dependencies: started
  Installing build dependencies: finished with status 'done'
  Checking if build backend supports build_editable: started
  Checking if build backend supports build_editable: finished with status 'done'
  Getting requirements to build editable: started
  Getting requirements to build editable: finished with status 'done'
  Preparing editable metadata (pyproject.toml): started
  Preparing editable metadata (pyproject.toml): finished with status 'done'
Requirement already satisfied: accelerate==1.7.0 in /home/pfiloche/stage_ills_moe/stage_ILLS/venv-mixtral/lib/python3.9/site-packages (from -r /home/pfiloche/stage_ills_moe/stage_ILLS/pilou_git/requirements.txt (line 1)) (1.7.0)
Requirement already satisfied: aiohappyeyeballs==2.6.1 in /home/pfiloche/stage_ills_moe/stage_ILLS/venv-mixtral/lib/python3.9/site-packages (from -r /home/pfiloche/stage_ills_moe/stage_ILLS/pilou_git/requirements.txt (line 2)) (2.6.1)
Requirement already satisfied: aiohttp==3.12.2 in /home/pfiloche/stage_ills_moe/stage_ILLS/venv-mixtral/lib/python3.9/site-packages (from -r /home/pfiloche/stage_ills_moe/stage_ILLS/pilou_git/requirements.txt (line 3)) (3.12.2)
Requirement already satisfied: aiosignal==1.3.2 in /home/pfiloche/stage_ills_moe/stage_ILLS/venv-mixtral/lib/python3.9/site-packages (from -r /home/pfiloche/stage_ills_moe/stage_ILLS/pilou_git/requirements.txt (line 4)) (1.3.2)
Requirement already satisfied: async-timeout==5.0.1 in /home/pfiloche/stage_ills_moe/stage_ILLS/venv-mixtral/lib/python3.9/site-packages (from -r /home/pfiloche/stage_ills_moe/stage_ILLS/pilou_git/requirements.txt (line 5)) (5.0.1)
Requirement already satisfied: attrs==25.3.0 in /home/pfiloche/stage_ills_moe/stage_ILLS/venv-mixtral/lib/python3.9/site-packages (from -r /home/pfiloche/stage_ills_moe/stage_ILLS/pilou_git/requirements.txt (line 6)) (25.3.0)
Requirement already satisfied: certifi==2025.4.26 in /home/pfiloche/stage_ills_moe/stage_ILLS/venv-mixtral/lib/python3.9/site-packages (from -r /home/pfiloche/stage_ills_moe/stage_ILLS/pilou_git/requirements.txt (line 7)) (2025.4.26)
Requirement already satisfied: charset-normalizer==3.4.2 in /home/pfiloche/stage_ills_moe/stage_ILLS/venv-mixtral/lib/python3.9/site-packages (from -r /home/pfiloche/stage_ills_moe/stage_ILLS/pilou_git/requirements.txt (line 8)) (3.4.2)
Requirement already satisfied: contourpy==1.3.0 in /home/pfiloche/stage_ills_moe/stage_ILLS/venv-mixtral/lib/python3.9/site-packages (from -r /home/pfiloche/stage_ills_moe/stage_ILLS/pilou_git/requirements.txt (line 9)) (1.3.0)
Requirement already satisfied: cycler==0.12.1 in /home/pfiloche/stage_ills_moe/stage_ILLS/venv-mixtral/lib/python3.9/site-packages (from -r /home/pfiloche/stage_ills_moe/stage_ILLS/pilou_git/requirements.txt (line 10)) (0.12.1)
Requirement already satisfied: datasets==3.6.0 in /home/pfiloche/stage_ills_moe/stage_ILLS/venv-mixtral/lib/python3.9/site-packages (from -r /home/pfiloche/stage_ills_moe/stage_ILLS/pilou_git/requirements.txt (line 11)) (3.6.0)
Requirement already satisfied: dill==0.3.8 in /home/pfiloche/stage_ills_moe/stage_ILLS/venv-mixtral/lib/python3.9/site-packages (from -r /home/pfiloche/stage_ills_moe/stage_ILLS/pilou_git/requirements.txt (line 12)) (0.3.8)
Requirement already satisfied: filelock==3.18.0 in /home/pfiloche/stage_ills_moe/stage_ILLS/venv-mixtral/lib/python3.9/site-packages (from -r /home/pfiloche/stage_ills_moe/stage_ILLS/pilou_git/requirements.txt (line 13)) (3.18.0)
Requirement already satisfied: fonttools==4.58.0 in /home/pfiloche/stage_ills_moe/stage_ILLS/venv-mixtral/lib/python3.9/site-packages (from -r /home/pfiloche/stage_ills_moe/stage_ILLS/pilou_git/requirements.txt (line 14)) (4.58.0)
Requirement already satisfied: frozenlist==1.6.0 in /home/pfiloche/stage_ills_moe/stage_ILLS/venv-mixtral/lib/python3.9/site-packages (from -r /home/pfiloche/stage_ills_moe/stage_ILLS/pilou_git/requirements.txt (line 15)) (1.6.0)
Requirement already satisfied: fsspec==2025.3.0 in /home/pfiloche/stage_ills_moe/stage_ILLS/venv-mixtral/lib/python3.9/site-packages (from -r /home/pfiloche/stage_ills_moe/stage_ILLS/pilou_git/requirements.txt (line 16)) (2025.3.0)
Requirement already satisfied: hf-xet==1.1.2 in /home/pfiloche/stage_ills_moe/stage_ILLS/venv-mixtral/lib/python3.9/site-packages (from -r /home/pfiloche/stage_ills_moe/stage_ILLS/pilou_git/requirements.txt (line 17)) (1.1.2)
Requirement already satisfied: huggingface-hub==0.32.2 in /home/pfiloche/stage_ills_moe/stage_ILLS/venv-mixtral/lib/python3.9/site-packages (from -r /home/pfiloche/stage_ills_moe/stage_ILLS/pilou_git/requirements.txt (line 18)) (0.32.2)
Requirement already satisfied: idna==3.10 in /home/pfiloche/stage_ills_moe/stage_ILLS/venv-mixtral/lib/python3.9/site-packages (from -r /home/pfiloche/stage_ills_moe/stage_ILLS/pilou_git/requirements.txt (line 19)) (3.10)
Requirement already satisfied: importlib_resources==6.5.2 in /home/pfiloche/stage_ills_moe/stage_ILLS/venv-mixtral/lib/python3.9/site-packages (from -r /home/pfiloche/stage_ills_moe/stage_ILLS/pilou_git/requirements.txt (line 20)) (6.5.2)
Requirement already satisfied: Jinja2==3.1.6 in /home/pfiloche/stage_ills_moe/stage_ILLS/venv-mixtral/lib/python3.9/site-packages (from -r /home/pfiloche/stage_ills_moe/stage_ILLS/pilou_git/requirements.txt (line 21)) (3.1.6)
Requirement already satisfied: kiwisolver==1.4.7 in /home/pfiloche/stage_ills_moe/stage_ILLS/venv-mixtral/lib/python3.9/site-packages (from -r /home/pfiloche/stage_ills_moe/stage_ILLS/pilou_git/requirements.txt (line 22)) (1.4.7)
Requirement already satisfied: MarkupSafe==3.0.2 in /home/pfiloche/stage_ills_moe/stage_ILLS/venv-mixtral/lib/python3.9/site-packages (from -r /home/pfiloche/stage_ills_moe/stage_ILLS/pilou_git/requirements.txt (line 23)) (3.0.2)
Requirement already satisfied: matplotlib==3.9.4 in /home/pfiloche/stage_ills_moe/stage_ILLS/venv-mixtral/lib/python3.9/site-packages (from -r /home/pfiloche/stage_ills_moe/stage_ILLS/pilou_git/requirements.txt (line 24)) (3.9.4)
Requirement already satisfied: mpmath==1.3.0 in /home/pfiloche/stage_ills_moe/stage_ILLS/venv-mixtral/lib/python3.9/site-packages (from -r /home/pfiloche/stage_ills_moe/stage_ILLS/pilou_git/requirements.txt (line 25)) (1.3.0)
Requirement already satisfied: multidict==6.4.4 in /home/pfiloche/stage_ills_moe/stage_ILLS/venv-mixtral/lib/python3.9/site-packages (from -r /home/pfiloche/stage_ills_moe/stage_ILLS/pilou_git/requirements.txt (line 26)) (6.4.4)
Requirement already satisfied: multiprocess==0.70.16 in /home/pfiloche/stage_ills_moe/stage_ILLS/venv-mixtral/lib/python3.9/site-packages (from -r /home/pfiloche/stage_ills_moe/stage_ILLS/pilou_git/requirements.txt (line 27)) (0.70.16)
Requirement already satisfied: narwhals==1.41.0 in /home/pfiloche/stage_ills_moe/stage_ILLS/venv-mixtral/lib/python3.9/site-packages (from -r /home/pfiloche/stage_ills_moe/stage_ILLS/pilou_git/requirements.txt (line 28)) (1.41.0)
Requirement already satisfied: networkx==3.2.1 in /home/pfiloche/stage_ills_moe/stage_ILLS/venv-mixtral/lib/python3.9/site-packages (from -r /home/pfiloche/stage_ills_moe/stage_ILLS/pilou_git/requirements.txt (line 29)) (3.2.1)
Requirement already satisfied: numpy==2.0.2 in /home/pfiloche/stage_ills_moe/stage_ILLS/venv-mixtral/lib/python3.9/site-packages (from -r /home/pfiloche/stage_ills_moe/stage_ILLS/pilou_git/requirements.txt (line 30)) (2.0.2)
Requirement already satisfied: nvidia-cublas-cu12==12.6.4.1 in /home/pfiloche/stage_ills_moe/stage_ILLS/venv-mixtral/lib/python3.9/site-packages (from -r /home/pfiloche/stage_ills_moe/stage_ILLS/pilou_git/requirements.txt (line 31)) (12.6.4.1)
Requirement already satisfied: nvidia-cuda-cupti-cu12==12.6.80 in /home/pfiloche/stage_ills_moe/stage_ILLS/venv-mixtral/lib/python3.9/site-packages (from -r /home/pfiloche/stage_ills_moe/stage_ILLS/pilou_git/requirements.txt (line 32)) (12.6.80)
Requirement already satisfied: nvidia-cuda-nvrtc-cu12==12.6.77 in /home/pfiloche/stage_ills_moe/stage_ILLS/venv-mixtral/lib/python3.9/site-packages (from -r /home/pfiloche/stage_ills_moe/stage_ILLS/pilou_git/requirements.txt (line 33)) (12.6.77)
Requirement already satisfied: nvidia-cuda-runtime-cu12==12.6.77 in /home/pfiloche/stage_ills_moe/stage_ILLS/venv-mixtral/lib/python3.9/site-packages (from -r /home/pfiloche/stage_ills_moe/stage_ILLS/pilou_git/requirements.txt (line 34)) (12.6.77)
Requirement already satisfied: nvidia-cudnn-cu12==9.5.1.17 in /home/pfiloche/stage_ills_moe/stage_ILLS/venv-mixtral/lib/python3.9/site-packages (from -r /home/pfiloche/stage_ills_moe/stage_ILLS/pilou_git/requirements.txt (line 35)) (9.5.1.17)
Requirement already satisfied: nvidia-cufft-cu12==11.3.0.4 in /home/pfiloche/stage_ills_moe/stage_ILLS/venv-mixtral/lib/python3.9/site-packages (from -r /home/pfiloche/stage_ills_moe/stage_ILLS/pilou_git/requirements.txt (line 36)) (11.3.0.4)
Requirement already satisfied: nvidia-cufile-cu12==1.11.1.6 in /home/pfiloche/stage_ills_moe/stage_ILLS/venv-mixtral/lib/python3.9/site-packages (from -r /home/pfiloche/stage_ills_moe/stage_ILLS/pilou_git/requirements.txt (line 37)) (1.11.1.6)
Requirement already satisfied: nvidia-curand-cu12==10.3.7.77 in /home/pfiloche/stage_ills_moe/stage_ILLS/venv-mixtral/lib/python3.9/site-packages (from -r /home/pfiloche/stage_ills_moe/stage_ILLS/pilou_git/requirements.txt (line 38)) (10.3.7.77)
Requirement already satisfied: nvidia-cusolver-cu12==11.7.1.2 in /home/pfiloche/stage_ills_moe/stage_ILLS/venv-mixtral/lib/python3.9/site-packages (from -r /home/pfiloche/stage_ills_moe/stage_ILLS/pilou_git/requirements.txt (line 39)) (11.7.1.2)
Requirement already satisfied: nvidia-cusparse-cu12==12.5.4.2 in /home/pfiloche/stage_ills_moe/stage_ILLS/venv-mixtral/lib/python3.9/site-packages (from -r /home/pfiloche/stage_ills_moe/stage_ILLS/pilou_git/requirements.txt (line 40)) (12.5.4.2)
Requirement already satisfied: nvidia-cusparselt-cu12==0.6.3 in /home/pfiloche/stage_ills_moe/stage_ILLS/venv-mixtral/lib/python3.9/site-packages (from -r /home/pfiloche/stage_ills_moe/stage_ILLS/pilou_git/requirements.txt (line 41)) (0.6.3)
Requirement already satisfied: nvidia-nccl-cu12==2.26.2 in /home/pfiloche/stage_ills_moe/stage_ILLS/venv-mixtral/lib/python3.9/site-packages (from -r /home/pfiloche/stage_ills_moe/stage_ILLS/pilou_git/requirements.txt (line 42)) (2.26.2)
Requirement already satisfied: nvidia-nvjitlink-cu12==12.6.85 in /home/pfiloche/stage_ills_moe/stage_ILLS/venv-mixtral/lib/python3.9/site-packages (from -r /home/pfiloche/stage_ills_moe/stage_ILLS/pilou_git/requirements.txt (line 43)) (12.6.85)
Requirement already satisfied: nvidia-nvtx-cu12==12.6.77 in /home/pfiloche/stage_ills_moe/stage_ILLS/venv-mixtral/lib/python3.9/site-packages (from -r /home/pfiloche/stage_ills_moe/stage_ILLS/pilou_git/requirements.txt (line 44)) (12.6.77)
Requirement already satisfied: packaging==25.0 in /home/pfiloche/stage_ills_moe/stage_ILLS/venv-mixtral/lib/python3.9/site-packages (from -r /home/pfiloche/stage_ills_moe/stage_ILLS/pilou_git/requirements.txt (line 45)) (25.0)
Requirement already satisfied: pandas==2.2.3 in /home/pfiloche/stage_ills_moe/stage_ILLS/venv-mixtral/lib/python3.9/site-packages (from -r /home/pfiloche/stage_ills_moe/stage_ILLS/pilou_git/requirements.txt (line 46)) (2.2.3)
Requirement already satisfied: pillow==11.2.1 in /home/pfiloche/stage_ills_moe/stage_ILLS/venv-mixtral/lib/python3.9/site-packages (from -r /home/pfiloche/stage_ills_moe/stage_ILLS/pilou_git/requirements.txt (line 47)) (11.2.1)
Requirement already satisfied: pkg_resources==0.0.0 in /home/pfiloche/stage_ills_moe/stage_ILLS/venv-mixtral/lib/python3.9/site-packages (from -r /home/pfiloche/stage_ills_moe/stage_ILLS/pilou_git/requirements.txt (line 48)) (0.0.0)
Requirement already satisfied: plotly==6.1.2 in /home/pfiloche/stage_ills_moe/stage_ILLS/venv-mixtral/lib/python3.9/site-packages (from -r /home/pfiloche/stage_ills_moe/stage_ILLS/pilou_git/requirements.txt (line 49)) (6.1.2)
Requirement already satisfied: propcache==0.3.1 in /home/pfiloche/stage_ills_moe/stage_ILLS/venv-mixtral/lib/python3.9/site-packages (from -r /home/pfiloche/stage_ills_moe/stage_ILLS/pilou_git/requirements.txt (line 50)) (0.3.1)
Requirement already satisfied: psutil==7.0.0 in /home/pfiloche/stage_ills_moe/stage_ILLS/venv-mixtral/lib/python3.9/site-packages (from -r /home/pfiloche/stage_ills_moe/stage_ILLS/pilou_git/requirements.txt (line 51)) (7.0.0)
Requirement already satisfied: pyarrow==20.0.0 in /home/pfiloche/stage_ills_moe/stage_ILLS/venv-mixtral/lib/python3.9/site-packages (from -r /home/pfiloche/stage_ills_moe/stage_ILLS/pilou_git/requirements.txt (line 52)) (20.0.0)
Requirement already satisfied: pyparsing==3.2.3 in /home/pfiloche/stage_ills_moe/stage_ILLS/venv-mixtral/lib/python3.9/site-packages (from -r /home/pfiloche/stage_ills_moe/stage_ILLS/pilou_git/requirements.txt (line 53)) (3.2.3)
Requirement already satisfied: python-dateutil==2.9.0.post0 in /home/pfiloche/stage_ills_moe/stage_ILLS/venv-mixtral/lib/python3.9/site-packages (from -r /home/pfiloche/stage_ills_moe/stage_ILLS/pilou_git/requirements.txt (line 54)) (2.9.0.post0)
Requirement already satisfied: pytz==2025.2 in /home/pfiloche/stage_ills_moe/stage_ILLS/venv-mixtral/lib/python3.9/site-packages (from -r /home/pfiloche/stage_ills_moe/stage_ILLS/pilou_git/requirements.txt (line 55)) (2025.2)
Requirement already satisfied: PyYAML==6.0.2 in /home/pfiloche/stage_ills_moe/stage_ILLS/venv-mixtral/lib/python3.9/site-packages (from -r /home/pfiloche/stage_ills_moe/stage_ILLS/pilou_git/requirements.txt (line 56)) (6.0.2)
Requirement already satisfied: regex==2024.11.6 in /home/pfiloche/stage_ills_moe/stage_ILLS/venv-mixtral/lib/python3.9/site-packages (from -r /home/pfiloche/stage_ills_moe/stage_ILLS/pilou_git/requirements.txt (line 57)) (2024.11.6)
Requirement already satisfied: requests==2.32.3 in /home/pfiloche/stage_ills_moe/stage_ILLS/venv-mixtral/lib/python3.9/site-packages (from -r /home/pfiloche/stage_ills_moe/stage_ILLS/pilou_git/requirements.txt (line 58)) (2.32.3)
Requirement already satisfied: safetensors==0.5.3 in /home/pfiloche/stage_ills_moe/stage_ILLS/venv-mixtral/lib/python3.9/site-packages (from -r /home/pfiloche/stage_ills_moe/stage_ILLS/pilou_git/requirements.txt (line 59)) (0.5.3)
Requirement already satisfied: scipy==1.13.1 in /home/pfiloche/stage_ills_moe/stage_ILLS/venv-mixtral/lib/python3.9/site-packages (from -r /home/pfiloche/stage_ills_moe/stage_ILLS/pilou_git/requirements.txt (line 60)) (1.13.1)
Requirement already satisfied: seaborn==0.13.2 in /home/pfiloche/stage_ills_moe/stage_ILLS/venv-mixtral/lib/python3.9/site-packages (from -r /home/pfiloche/stage_ills_moe/stage_ILLS/pilou_git/requirements.txt (line 61)) (0.13.2)
Requirement already satisfied: six==1.17.0 in /home/pfiloche/stage_ills_moe/stage_ILLS/venv-mixtral/lib/python3.9/site-packages (from -r /home/pfiloche/stage_ills_moe/stage_ILLS/pilou_git/requirements.txt (line 62)) (1.17.0)
Requirement already satisfied: sympy==1.14.0 in /home/pfiloche/stage_ills_moe/stage_ILLS/venv-mixtral/lib/python3.9/site-packages (from -r /home/pfiloche/stage_ills_moe/stage_ILLS/pilou_git/requirements.txt (line 63)) (1.14.0)
Requirement already satisfied: tokenizers==0.21.1 in /home/pfiloche/stage_ills_moe/stage_ILLS/venv-mixtral/lib/python3.9/site-packages (from -r /home/pfiloche/stage_ills_moe/stage_ILLS/pilou_git/requirements.txt (line 64)) (0.21.1)
Requirement already satisfied: torch==2.7.0 in /home/pfiloche/stage_ills_moe/stage_ILLS/venv-mixtral/lib/python3.9/site-packages (from -r /home/pfiloche/stage_ills_moe/stage_ILLS/pilou_git/requirements.txt (line 65)) (2.7.0)
Requirement already satisfied: tqdm==4.67.1 in /home/pfiloche/stage_ills_moe/stage_ILLS/venv-mixtral/lib/python3.9/site-packages (from -r /home/pfiloche/stage_ills_moe/stage_ILLS/pilou_git/requirements.txt (line 66)) (4.67.1)
Requirement already satisfied: triton==3.3.0 in /home/pfiloche/stage_ills_moe/stage_ILLS/venv-mixtral/lib/python3.9/site-packages (from -r /home/pfiloche/stage_ills_moe/stage_ILLS/pilou_git/requirements.txt (line 68)) (3.3.0)
Requirement already satisfied: typing_extensions==4.13.2 in /home/pfiloche/stage_ills_moe/stage_ILLS/venv-mixtral/lib/python3.9/site-packages (from -r /home/pfiloche/stage_ills_moe/stage_ILLS/pilou_git/requirements.txt (line 69)) (4.13.2)
Requirement already satisfied: tzdata==2025.2 in /home/pfiloche/stage_ills_moe/stage_ILLS/venv-mixtral/lib/python3.9/site-packages (from -r /home/pfiloche/stage_ills_moe/stage_ILLS/pilou_git/requirements.txt (line 70)) (2025.2)
Requirement already satisfied: urllib3==2.4.0 in /home/pfiloche/stage_ills_moe/stage_ILLS/venv-mixtral/lib/python3.9/site-packages (from -r /home/pfiloche/stage_ills_moe/stage_ILLS/pilou_git/requirements.txt (line 71)) (2.4.0)
Requirement already satisfied: xxhash==3.5.0 in /home/pfiloche/stage_ills_moe/stage_ILLS/venv-mixtral/lib/python3.9/site-packages (from -r /home/pfiloche/stage_ills_moe/stage_ILLS/pilou_git/requirements.txt (line 72)) (3.5.0)
Requirement already satisfied: yarl==1.20.0 in /home/pfiloche/stage_ills_moe/stage_ILLS/venv-mixtral/lib/python3.9/site-packages (from -r /home/pfiloche/stage_ills_moe/stage_ILLS/pilou_git/requirements.txt (line 73)) (1.20.0)
Requirement already satisfied: zipp==3.22.0 in /home/pfiloche/stage_ills_moe/stage_ILLS/venv-mixtral/lib/python3.9/site-packages (from -r /home/pfiloche/stage_ills_moe/stage_ILLS/pilou_git/requirements.txt (line 74)) (3.22.0)
Requirement already satisfied: setuptools>=40.8.0 in /home/pfiloche/stage_ills_moe/stage_ILLS/venv-mixtral/lib/python3.9/site-packages (from triton==3.3.0->-r /home/pfiloche/stage_ills_moe/stage_ILLS/pilou_git/requirements.txt (line 68)) (80.9.0)
Building wheels for collected packages: transformers
  Building editable for transformers (pyproject.toml): started
  Building editable for transformers (pyproject.toml): finished with status 'done'
  Created wheel for transformers: filename=transformers-4.53.0.dev0-0.editable-py3-none-any.whl size=15270 sha256=3c7192bafcbb2f64176024cc271bc8541863d52c2753f16f0129d3d5043c00de
  Stored in directory: /tmp/pip-ephem-wheel-cache-gp5r_3u8/wheels/8a/2e/90/32f80dccf8e737f1be3f360840ff8294f1190e01d7296e7702
Successfully built transformers
Installing collected packages: transformers
  Attempting uninstall: transformers
    Found existing installation: transformers 4.53.0.dev0
    Uninstalling transformers-4.53.0.dev0:
      Successfully uninstalled transformers-4.53.0.dev0
Successfully installed transformers-4.53.0.dev0
Copie du token Hugging Face vers /tmp...
début du script de génération des outputs
dict_keys(['instruction', 'demonstration', 'meta'])
MixtralConfig {
  "architectures": [
    "MixtralForCausalLM"
  ],
  "attention_dropout": 0.0,
  "bos_token_id": 1,
  "eos_token_id": 2,
  "head_dim": null,
  "hidden_act": "silu",
  "hidden_size": 4096,
  "initializer_range": 0.02,
  "intermediate_size": 14336,
  "max_position_embeddings": 32768,
  "model_type": "mixtral",
  "num_attention_heads": 32,
  "num_experts_per_tok": 2,
  "num_hidden_layers": 32,
  "num_key_value_heads": 8,
  "num_local_experts": 8,
  "output_router_logits": false,
  "rms_norm_eps": 1e-05,
  "rope_theta": 1000000.0,
  "router_aux_loss_coef": 0.02,
  "router_jitter_noise": 0.0,
  "sliding_window": null,
  "tie_word_embeddings": false,
  "torch_dtype": "float16",
  "transformers_version": "4.53.0.dev0",
  "use_cache": true,
  "vocab_size": 32000
}

router_jitter_noise : 0.0
